<?xml version="1.0" encoding="UTF-8"?>
<!-- Generated by org.testng.reporters.JUnitReportReporter -->
<testsuite hostname="Asim_PC" failures="0" tests="1" name="demo.automation.base.Register" time="8.162" errors="0" timestamp="2025-01-26T22:03:09 IST" skipped="0">
  <testcase classname="demo.automation.base.Register" name="register" time="8.162"/>
</testsuite> <!-- demo.automation.base.Register -->
