<?xml version="1.0" encoding="UTF-8"?>
<!-- Generated by org.testng.reporters.JUnitReportReporter -->
<testsuite hostname="Asim_PC" failures="0" tests="1" name="demo.automation.tests.RegisterPageTest" time="7.576" errors="0" timestamp="2025-01-26T22:37:32 IST" skipped="0">
  <testcase classname="demo.automation.tests.RegisterPageTest" name="testUserRegistration" time="7.576"/>
</testsuite> <!-- demo.automation.tests.RegisterPageTest -->
