<?xml version="1.0" encoding="UTF-8"?>
<!-- Generated by org.testng.reporters.JUnitReportReporter -->
<testsuite hostname="Asim_PC" failures="0" tests="1" name="TestNG.frameWrok.Register" time="14.826" errors="0" timestamp="2025-01-26T10:42:57 IST" skipped="0">
  <testcase classname="TestNG.frameWrok.Register" name="register" time="14.826"/>
</testsuite> <!-- TestNG.frameWrok.Register -->
