<?xml version="1.0" encoding="UTF-8"?>
<!-- Generated by org.testng.reporters.JUnitReportReporter -->
<testsuite hostname="Asim_PC" failures="0" tests="1" name="demo.automation.tests.RegisterPageTest" time="3.791" errors="0" timestamp="2025-02-01T14:39:52 IST" skipped="0">
  <testcase classname="demo.automation.tests.RegisterPageTest" name="testUserRegistration" time="3.791"/>
</testsuite> <!-- demo.automation.tests.RegisterPageTest -->
